# JRE version: OpenJDK Runtime Environment Temurin-21.0.10+7 (21.0.10+7) (build 21.0.10+7-LTS)
# Java VM: OpenJDK 64-Bit Server VM Temurin-21.0.10+7 (21.0.10+7-LTS, mixed mode, sharing, tiered, compressed oops, compressed class ptrs, parallel gc, windows-amd64)
GC Precious Log:
 CardTable entry size: 512
 CPUs: 6 total, 6 available
 Memory: 11638M
 Large Page Support: Disabled
 NUMA Support: Disabled
 Compressed Oops: Enabled (32-bit)
 Alignments: Space 512K, Generation 512K, Heap 2M
 Heap Min Capacity: 100M
 Heap Initial Capacity: 100M
 Heap Max Capacity: 2G
 Pre-touch: Disabled
 Parallel Workers: 6
Heap:
 PSYoungGen      total 7168K, used 1120K [0x00000000d5580000, 0x00000000d5e00000, 0x0000000100000000)
  eden space 5632K, 0% used [0x00000000d5580000,0x00000000d5580000,0x00000000d5b00000)
  from space 1536K, 72% used [0x00000000d5c80000,0x00000000d5d98000,0x00000000d5e00000)
  to   space 1536K, 0% used [0x00000000d5b00000,0x00000000d5b00000,0x00000000d5c80000)
 ParOldGen       total 226304K, used 211409K [0x0000000080000000, 0x000000008dd00000, 0x00000000d5580000)
  object space 226304K, 93% used [0x0000000080000000,0x000000008ce74520,0x000000008dd00000)
 Metaspace       used 64783K, committed 66176K, reserved 1114112K
  class space    used 7065K, committed 7680K, reserved 1048576K
GC Heap History (20 events):
Event: 21.616 GC heap before
{Heap before GC invocations=149 (full 3):
 PSYoungGen      total 5632K, used 5617K [0x00000000d5580000, 0x00000000d5d00000, 0x0000000100000000)
  eden space 4608K, 100% used [0x00000000d5580000,0x00000000d5a00000,0x00000000d5a00000)
  from space 1024K, 98% used [0x00000000d5a80000,0x00000000d5b7c550,0x00000000d5b80000)
  to   space 1536K, 0% used [0x00000000d5b80000,0x00000000d5b80000,0x00000000d5d00000)
 ParOldGen       total 217088K, used 216781K [0x0000000080000000, 0x000000008d400000, 0x00000000d5580000)
  object space 217088K, 99% used [0x0000000080000000,0x000000008d3b3560,0x000000008d400000)
 Metaspace       used 64624K, committed 65984K, reserved 1114112K
  class space    used 7062K, committed 7680K, reserved 1048576K
}
Event: 21.618 GC heap after
{Heap after GC invocations=149 (full 3):
 PSYoungGen      total 6144K, used 1038K [0x00000000d5580000, 0x00000000d5d00000, 0x0000000100000000)
  eden space 4608K, 0% used [0x00000000d5580000,0x00000000d5580000,0x00000000d5a00000)
  from space 1536K, 67% used [0x00000000d5b80000,0x00000000d5c83b98,0x00000000d5d00000)
  to   space 1536K, 0% used [0x00000000d5a00000,0x00000000d5a00000,0x00000000d5b80000)
 ParOldGen       total 218112K, used 217752K [0x0000000080000000, 0x000000008d500000, 0x00000000d5580000)
  object space 218112K, 99% used [0x0000000080000000,0x000000008d4a6118,0x000000008d500000)
 Metaspace       used 64624K, committed 65984K, reserved 1114112K
  class space    used 7062K, committed 7680K, reserved 1048576K
}
Event: 21.628 GC heap before
{Heap before GC invocations=150 (full 3):
 PSYoungGen      total 6144K, used 5646K [0x00000000d5580000, 0x00000000d5d00000, 0x0000000100000000)
  eden space 4608K, 100% used [0x00000000d5580000,0x00000000d5a00000,0x00000000d5a00000)
  from space 1536K, 67% used [0x00000000d5b80000,0x00000000d5c83b98,0x00000000d5d00000)
  to   space 1536K, 0% used [0x00000000d5a00000,0x00000000d5a00000,0x00000000d5b80000)
 ParOldGen       total 218112K, used 217752K [0x0000000080000000, 0x000000008d500000, 0x00000000d5580000)
  object space 218112K, 99% used [0x0000000080000000,0x000000008d4a6118,0x000000008d500000)
 Metaspace       used 64624K, committed 65984K, reserved 1114112K
  class space    used 7062K, committed 7680K, reserved 1048576K
}
Event: 21.630 GC heap after
{Heap after GC invocations=150 (full 3):
 PSYoungGen      total 6144K, used 1183K [0x00000000d5580000, 0x00000000d5d00000, 0x0000000100000000)
  eden space 4608K, 0% used [0x00000000d5580000,0x00000000d5580000,0x00000000d5a00000)
  from space 1536K, 77% used [0x00000000d5a00000,0x00000000d5b27ff0,0x00000000d5b80000)
  to   space 1536K, 0% used [0x00000000d5b80000,0x00000000d5b80000,0x00000000d5d00000)
 ParOldGen       total 219136K, used 218709K [0x0000000080000000, 0x000000008d600000, 0x00000000d5580000)
  object space 219136K, 99% used [0x0000000080000000,0x000000008d595658,0x000000008d600000)
 Metaspace       used 64624K, committed 65984K, reserved 1114112K
  class space    used 7062K, committed 7680K, reserved 1048576K
}
Event: 21.638 GC heap before
{Heap before GC invocations=151 (full 3):
 PSYoungGen      total 6144K, used 5791K [0x00000000d5580000, 0x00000000d5d00000, 0x0000000100000000)
  eden space 4608K, 100% used [0x00000000d5580000,0x00000000d5a00000,0x00000000d5a00000)
  from space 1536K, 77% used [0x00000000d5a00000,0x00000000d5b27ff0,0x00000000d5b80000)
  to   space 1536K, 0% used [0x00000000d5b80000,0x00000000d5b80000,0x00000000d5d00000)
 ParOldGen       total 219136K, used 218709K [0x0000000080000000, 0x000000008d600000, 0x00000000d5580000)
  object space 219136K, 99% used [0x0000000080000000,0x000000008d595658,0x000000008d600000)
 Metaspace       used 64624K, committed 65984K, reserved 1114112K
  class space    used 7062K, committed 7680K, reserved 1048576K
}
Event: 21.640 GC heap after
{Heap after GC invocations=151 (full 3):
 PSYoungGen      total 6144K, used 1032K [0x00000000d5580000, 0x00000000d5d00000, 0x0000000100000000)
  eden space 4608K, 0% used [0x00000000d5580000,0x00000000d5580000,0x00000000d5a00000)
  from space 1536K, 67% used [0x00000000d5b80000,0x00000000d5c82260,0x00000000d5d00000)
  to   space 1536K, 0% used [0x00000000d5a00000,0x00000000d5a00000,0x00000000d5b80000)
 ParOldGen       total 220160K, used 219811K [0x0000000080000000, 0x000000008d700000, 0x00000000d5580000)
  object space 220160K, 99% used [0x0000000080000000,0x000000008d6a8c28,0x000000008d700000)
 Metaspace       used 64624K, committed 65984K, reserved 1114112K
  class space    used 7062K, committed 7680K, reserved 1048576K
}
Event: 21.649 GC heap before
{Heap before GC invocations=152 (full 3):
 PSYoungGen      total 6144K, used 5640K [0x00000000d5580000, 0x00000000d5d00000, 0x0000000100000000)
  eden space 4608K, 99% used [0x00000000d5580000,0x00000000d59fffd8,0x00000000d5a00000)
  from space 1536K, 67% used [0x00000000d5b80000,0x00000000d5c82260,0x00000000d5d00000)
  to   space 1536K, 0% used [0x00000000d5a00000,0x00000000d5a00000,0x00000000d5b80000)
 ParOldGen       total 220160K, used 219811K [0x0000000080000000, 0x000000008d700000, 0x00000000d5580000)
  object space 220160K, 99% used [0x0000000080000000,0x000000008d6a8c28,0x000000008d700000)
 Metaspace       used 64675K, committed 65984K, reserved 1114112K
  class space    used 7065K, committed 7680K, reserved 1048576K
}
Event: 21.651 GC heap after
{Heap after GC invocations=152 (full 3):
 PSYoungGen      total 5632K, used 997K [0x00000000d5580000, 0x00000000d5c00000, 0x0000000100000000)
  eden space 4608K, 0% used [0x00000000d5580000,0x00000000d5580000,0x00000000d5a00000)
  from space 1024K, 97% used [0x00000000d5a00000,0x00000000d5af97d8,0x00000000d5b00000)
  to   space 1024K, 0% used [0x00000000d5b00000,0x00000000d5b00000,0x00000000d5c00000)
 ParOldGen       total 221184K, used 220779K [0x0000000080000000, 0x000000008d800000, 0x00000000d5580000)
  object space 221184K, 99% used [0x0000000080000000,0x000000008d79ad98,0x000000008d800000)
 Metaspace       used 64675K, committed 65984K, reserved 1114112K
  class space    used 7065K, committed 7680K, reserved 1048576K
}
Event: 21.656 GC heap before
{Heap before GC invocations=153 (full 3):
 PSYoungGen      total 5632K, used 5601K [0x00000000d5580000, 0x00000000d5c00000, 0x0000000100000000)
  eden space 4608K, 99% used [0x00000000d5580000,0x00000000d59feec0,0x00000000d5a00000)
  from space 1024K, 97% used [0x00000000d5a00000,0x00000000d5af97d8,0x00000000d5b00000)
  to   space 1024K, 0% used [0x00000000d5b00000,0x00000000d5b00000,0x00000000d5c00000)
 ParOldGen       total 221184K, used 220779K [0x0000000080000000, 0x000000008d800000, 0x00000000d5580000)
  object space 221184K, 99% used [0x0000000080000000,0x000000008d79ad98,0x000000008d800000)
 Metaspace       used 64678K, committed 65984K, reserved 1114112K
  class space    used 7066K, committed 7680K, reserved 1048576K
}
Event: 21.657 GC heap after
{Heap after GC invocations=153 (full 3):
 PSYoungGen      total 5632K, used 972K [0x00000000d5580000, 0x00000000d5c00000, 0x0000000100000000)
  eden space 4608K, 0% used [0x00000000d5580000,0x00000000d5580000,0x00000000d5a00000)
  from space 1024K, 94% used [0x00000000d5b00000,0x00000000d5bf30a0,0x00000000d5c00000)
  to   space 1024K, 0% used [0x00000000d5a00000,0x00000000d5a00000,0x00000000d5b00000)
 ParOldGen       total 222208K, used 221699K [0x0000000080000000, 0x000000008d900000, 0x00000000d5580000)
  object space 222208K, 99% used [0x0000000080000000,0x000000008d880f48,0x000000008d900000)
 Metaspace       used 64678K, committed 65984K, reserved 1114112K
  class space    used 7066K, committed 7680K, reserved 1048576K
}
Event: 21.665 GC heap before
{Heap before GC invocations=154 (full 3):
 PSYoungGen      total 5632K, used 5580K [0x00000000d5580000, 0x00000000d5c00000, 0x0000000100000000)
  eden space 4608K, 100% used [0x00000000d5580000,0x00000000d5a00000,0x00000000d5a00000)
  from space 1024K, 94% used [0x00000000d5b00000,0x00000000d5bf30a0,0x00000000d5c00000)
  to   space 1024K, 0% used [0x00000000d5a00000,0x00000000d5a00000,0x00000000d5b00000)
 ParOldGen       total 222208K, used 221699K [0x0000000080000000, 0x000000008d900000, 0x00000000d5580000)
  object space 222208K, 99% used [0x0000000080000000,0x000000008d880f48,0x000000008d900000)
 Metaspace       used 64685K, committed 66048K, reserved 1114112K
  class space    used 7066K, committed 7680K, reserved 1048576K
}
Event: 21.666 GC heap after
{Heap after GC invocations=154 (full 3):
 PSYoungGen      total 5632K, used 1015K [0x00000000d5580000, 0x00000000d5f00000, 0x0000000100000000)
  eden space 4608K, 0% used [0x00000000d5580000,0x00000000d5580000,0x00000000d5a00000)
  from space 1024K, 99% used [0x00000000d5a00000,0x00000000d5afded0,0x00000000d5b00000)
  to   space 2560K, 0% used [0x00000000d5c80000,0x00000000d5c80000,0x00000000d5f00000)
 ParOldGen       total 222720K, used 222636K [0x0000000080000000, 0x000000008d980000, 0x00000000d5580000)
  object space 222720K, 99% used [0x0000000080000000,0x000000008d96b100,0x000000008d980000)
 Metaspace       used 64685K, committed 66048K, reserved 1114112K
  class space    used 7066K, committed 7680K, reserved 1048576K
}
Event: 21.676 GC heap before
{Heap before GC invocations=155 (full 3):
 PSYoungGen      total 5632K, used 5623K [0x00000000d5580000, 0x00000000d5f00000, 0x0000000100000000)
  eden space 4608K, 100% used [0x00000000d5580000,0x00000000d5a00000,0x00000000d5a00000)
  from space 1024K, 99% used [0x00000000d5a00000,0x00000000d5afded0,0x00000000d5b00000)
  to   space 2560K, 0% used [0x00000000d5c80000,0x00000000d5c80000,0x00000000d5f00000)
 ParOldGen       total 222720K, used 222636K [0x0000000080000000, 0x000000008d980000, 0x00000000d5580000)
  object space 222720K, 99% used [0x0000000080000000,0x000000008d96b100,0x000000008d980000)
 Metaspace       used 64696K, committed 66048K, reserved 1114112K
  class space    used 7066K, committed 7680K, reserved 1048576K
}
Event: 21.677 GC heap after
{Heap after GC invocations=155 (full 3):
 PSYoungGen      total 6144K, used 1059K [0x00000000d5580000, 0x00000000d5e00000, 0x0000000100000000)
  eden space 4608K, 0% used [0x00000000d5580000,0x00000000d5580000,0x00000000d5a00000)
  from space 1536K, 69% used [0x00000000d5c80000,0x00000000d5d88fc8,0x00000000d5e00000)
  to   space 1536K, 0% used [0x00000000d5b00000,0x00000000d5b00000,0x00000000d5c80000)
 ParOldGen       total 223744K, used 223635K [0x0000000080000000, 0x000000008da80000, 0x00000000d5580000)
  object space 223744K, 99% used [0x0000000080000000,0x000000008da64c90,0x000000008da80000)
 Metaspace       used 64696K, committed 66048K, reserved 1114112K
  class space    used 7066K, committed 7680K, reserved 1048576K
}
Event: 21.684 GC heap before
{Heap before GC invocations=156 (full 3):
 PSYoungGen      total 6144K, used 5667K [0x00000000d5580000, 0x00000000d5e00000, 0x0000000100000000)
  eden space 4608K, 100% used [0x00000000d5580000,0x00000000d5a00000,0x00000000d5a00000)
  from space 1536K, 69% used [0x00000000d5c80000,0x00000000d5d88fc8,0x00000000d5e00000)
  to   space 1536K, 0% used [0x00000000d5b00000,0x00000000d5b00000,0x00000000d5c80000)
 ParOldGen       total 223744K, used 223635K [0x0000000080000000, 0x000000008da80000, 0x00000000d5580000)
  object space 223744K, 99% used [0x0000000080000000,0x000000008da64c90,0x000000008da80000)
 Metaspace       used 64730K, committed 66048K, reserved 1114112K
  class space    used 7068K, committed 7680K, reserved 1048576K
}
Event: 21.686 GC heap after
{Heap after GC invocations=156 (full 3):
 PSYoungGen      total 6144K, used 1120K [0x00000000d5580000, 0x00000000d5d00000, 0x0000000100000000)
  eden space 4608K, 0% used [0x00000000d5580000,0x00000000d5580000,0x00000000d5a00000)
  from space 1536K, 72% used [0x00000000d5b00000,0x00000000d5c18000,0x00000000d5c80000)
  to   space 512K, 0% used [0x00000000d5c80000,0x00000000d5c80000,0x00000000d5d00000)
 ParOldGen       total 224768K, used 224641K [0x0000000080000000, 0x000000008db80000, 0x00000000d5580000)
  object space 224768K, 99% used [0x0000000080000000,0x000000008db60778,0x000000008db80000)
 Metaspace       used 64730K, committed 66048K, reserved 1114112K
  class space    used 7068K, committed 7680K, reserved 1048576K
}
Event: 21.695 GC heap before
{Heap before GC invocations=157 (full 3):
 PSYoungGen      total 6144K, used 5728K [0x00000000d5580000, 0x00000000d5d00000, 0x0000000100000000)
  eden space 4608K, 100% used [0x00000000d5580000,0x00000000d5a00000,0x00000000d5a00000)
  from space 1536K, 72% used [0x00000000d5b00000,0x00000000d5c18000,0x00000000d5c80000)
  to   space 512K, 0% used [0x00000000d5c80000,0x00000000d5c80000,0x00000000d5d00000)
 ParOldGen       total 224768K, used 224641K [0x0000000080000000, 0x000000008db80000, 0x00000000d5580000)
  object space 224768K, 99% used [0x0000000080000000,0x000000008db60778,0x000000008db80000)
 Metaspace       used 64756K, committed 66176K, reserved 1114112K
  class space    used 7068K, committed 7680K, reserved 1048576K
}
Event: 21.756 GC heap after
{Heap after GC invocations=157 (full 3):
 PSYoungGen      total 6144K, used 5728K [0x00000000d5580000, 0x00000000d5d00000, 0x0000000100000000)
  eden space 4608K, 100% used [0x00000000d5580000,0x00000000d5a00000,0x00000000d5a00000)
  from space 1536K, 72% used [0x00000000d5b00000,0x00000000d5c18000,0x00000000d5c80000)
  to   space 512K, 100% used [0x00000000d5c80000,0x00000000d5d00000,0x00000000d5d00000)
 ParOldGen       total 226304K, used 225800K [0x0000000080000000, 0x000000008dd00000, 0x00000000d5580000)
  object space 226304K, 99% used [0x0000000080000000,0x000000008dc82018,0x000000008dd00000)
 Metaspace       used 64756K, committed 66176K, reserved 1114112K
  class space    used 7068K, committed 7680K, reserved 1048576K
}
Event: 21.756 GC heap before
{Heap before GC invocations=158 (full 4):
 PSYoungGen      total 6144K, used 5728K [0x00000000d5580000, 0x00000000d5d00000, 0x0000000100000000)
  eden space 4608K, 100% used [0x00000000d5580000,0x00000000d5a00000,0x00000000d5a00000)
  from space 1536K, 72% used [0x00000000d5b00000,0x00000000d5c18000,0x00000000d5c80000)
  to   space 512K, 100% used [0x00000000d5c80000,0x00000000d5d00000,0x00000000d5d00000)
 ParOldGen       total 226304K, used 225800K [0x0000000080000000, 0x000000008dd00000, 0x00000000d5580000)
  object space 226304K, 99% used [0x0000000080000000,0x000000008dc82018,0x000000008dd00000)
 Metaspace       used 64756K, committed 66176K, reserved 1114112K
  class space    used 7068K, committed 7680K, reserved 1048576K
}
Event: 21.948 GC heap after
{Heap after GC invocations=158 (full 4):
 PSYoungGen      total 5120K, used 0K [0x00000000d5580000, 0x00000000d5d00000, 0x0000000100000000)
  eden space 4608K, 0% used [0x00000000d5580000,0x00000000d5580000,0x00000000d5a00000)
  from space 512K, 0% used [0x00000000d5c80000,0x00000000d5c80000,0x00000000d5d00000)
  to   space 1536K, 0% used [0x00000000d5b00000,0x00000000d5b00000,0x00000000d5c80000)
 ParOldGen       total 226304K, used 210343K [0x0000000080000000, 0x000000008dd00000, 0x00000000d5580000)
  object space 226304K, 92% used [0x0000000080000000,0x000000008cd69f20,0x000000008dd00000)
 Metaspace       used 64734K, committed 66176K, reserved 1114112K
  class space    used 7062K, committed 7680K, reserved 1048576K
}

